<?xml version="1.0" encoding="UTF-8"?>
<!-- Generated by org.testng.reporters.JUnitXMLReporter -->
<testsuite hostname="DESKTOP-H54NEVQ" ignored="0" name="Test1" tests="2" failures="1" timestamp="22 Aug 2022 18:43:40 GMT" time="6.456" errors="0">
  <testcase name="tc0" time="6.348" classname="com.test.group.Sample1"/>
  <testcase name="tc1" time="0.056" classname="com.test.group.Sample1">
    <failure type="java.lang.NullPointerException">
      <![CDATA[java.lang.NullPointerException
	at org.openqa.selenium.support.pagefactory.DefaultElementLocator.findElement(DefaultElementLocator.java:69)
	at org.openqa.selenium.support.pagefactory.internal.LocatingElementHandler.invoke(LocatingElementHandler.java:38)
	at com.sun.proxy.$Proxy9.sendKeys(Unknown Source)
	at com.test.baseclass.BaseClass.enterText(BaseClass.java:49)
	at com.test.group.Sample1.tc1(Sample1.java:39)
	at java.util.concurrent.FutureTask.run(Unknown Source)
	at java.util.concurrent.ThreadPoolExecutor.runWorker(Unknown Source)
	at java.util.concurrent.ThreadPoolExecutor$Worker.run(Unknown Source)
	at java.lang.Thread.run(Unknown Source)
... Removed 16 stack frames]]>
    </failure>
  </testcase> <!-- tc1 -->
</testsuite> <!-- Test1 -->
