<?xml version="1.0" encoding="UTF-8"?>
<!-- Generated by org.testng.reporters.JUnitXMLReporter -->
<testsuite hostname="DESKTOP-H54NEVQ" ignored="0" name="Test" tests="4" failures="0" timestamp="22 Aug 2022 18:03:32 GMT" time="0.085" errors="0">
  <testcase name="tc2" time="0.027" classname="com.test.group.Sample3"/>
  <testcase name="tc0" time="0.037" classname="com.test.group.Sample1"/>
  <testcase name="tc3" time="0.006" classname="com.test.group.Sample3"/>
  <testcase name="tc1" time="0.039" classname="com.test.group.Sample2"/>
</testsuite> <!-- Test -->
